============================= test session starts ==============================
platform linux -- Python 3.10.12, pytest-7.4.4, pluggy-1.6.0 -- /usr/bin/python3
cachedir: .pytest_cache
rootdir: /home/incharaj/oaas
plugins: anyio-4.12.0, cov-4.1.0
collecting ... collected 45 items

phoronix/tests/test_metric_collectors.py::TestBinaryMetrics::test_binary_metrics_creation PASSED [  2%]
phoronix/tests/test_metric_collectors.py::TestBinaryMetrics::test_binary_metrics_to_dict PASSED [  4%]
phoronix/tests/test_metric_collectors.py::TestMetricsCollector::test_collect_metrics_json_output PASSED [  6%]
phoronix/tests/test_metric_collectors.py::TestMetricsCollector::test_comparison_calculation PASSED [  8%]
phoronix/tests/test_metric_collectors.py::TestMetricsCollector::test_count_functions PASSED [ 11%]
phoronix/tests/test_metric_collectors.py::TestMetricsCollector::test_count_instructions PASSED [ 13%]
phoronix/tests/test_metric_collectors.py::TestMetricsCollector::test_cyclomatic_complexity_estimation PASSED [ 15%]
phoronix/tests/test_metric_collectors.py::TestMetricsCollector::test_entropy_computation PASSED [ 17%]
phoronix/tests/test_metric_collectors.py::TestMetricsCollector::test_get_text_section_size PASSED [ 20%]
phoronix/tests/test_metric_collectors.py::TestMetricsCollector::test_is_pie_enabled PASSED [ 22%]
phoronix/tests/test_metric_collectors.py::TestMetricsCollector::test_is_stripped FAILED [ 24%]
phoronix/tests/test_metric_collectors.py::TestMetricsCollector::test_missing_binary_handling PASSED [ 26%]
phoronix/tests/test_metric_collectors.py::TestMetricsCollector::test_save_results_creates_files PASSED [ 28%]
phoronix/tests/test_metric_collectors.py::TestMetricsOutputFormats::test_csv_report_generation PASSED [ 31%]
phoronix/tests/test_metric_collectors.py::TestMetricsOutputFormats::test_markdown_report_generation PASSED [ 33%]
phoronix/tests/test_security_analysis.py::TestSecurityAnalysisScript::test_dependency_check PASSED [ 35%]
phoronix/tests/test_security_analysis.py::TestSecurityAnalysisScript::test_output_json_structure PASSED [ 37%]
phoronix/tests/test_security_analysis.py::TestSecurityAnalysisScript::test_script_exists PASSED [ 40%]
phoronix/tests/test_security_analysis.py::TestSecurityAnalysisScript::test_script_is_executable PASSED [ 42%]
phoronix/tests/test_security_analysis.py::TestHeuristicAnalysis::test_basic_block_recovery_percentage PASSED [ 44%]
phoronix/tests/test_security_analysis.py::TestHeuristicAnalysis::test_irreducible_cfg_percentage PASSED [ 46%]
phoronix/tests/test_security_analysis.py::TestHeuristicAnalysis::test_opaque_predicates_count PASSED [ 48%]
phoronix/tests/test_security_analysis.py::TestHeuristicAnalysis::test_opaque_predicates_percentage FAILED [ 51%]
phoronix/tests/test_security_analysis.py::TestHeuristicAnalysis::test_readability_score_calculation PASSED [ 53%]
phoronix/tests/test_security_analysis.py::TestHeuristicAnalysis::test_readability_score_range PASSED [ 55%]
phoronix/tests/test_security_analysis.py::TestHeuristicAnalysis::test_string_obfuscation_ratio PASSED [ 57%]
phoronix/tests/test_security_analysis.py::TestHeuristicAnalysis::test_symbol_obfuscation_ratio PASSED [ 60%]
phoronix/tests/test_security_analysis.py::TestGhidraFallback::test_fallback_to_heuristics PASSED [ 62%]
phoronix/tests/test_security_analysis.py::TestGhidraFallback::test_ghidra_analysis_timeout PASSED [ 64%]
phoronix/tests/test_security_analysis.py::TestGhidraFallback::test_ghidra_check_failure PASSED [ 66%]
phoronix/tests/test_security_analysis.py::TestGhidraFallback::test_ghidra_check_success PASSED [ 68%]
phoronix/tests/test_security_analysis.py::TestSecurityAnalysisOutput::test_multiple_binaries_analysis PASSED [ 71%]
phoronix/tests/test_security_analysis.py::TestSecurityAnalysisOutput::test_output_file_naming PASSED [ 73%]
phoronix/tests/test_security_analysis.py::TestSecurityAnalysisOutput::test_output_json_file_creation PASSED [ 75%]
phoronix/tests/test_security_analysis.py::TestSecurityAnalysisOutput::test_output_json_is_valid PASSED [ 77%]
phoronix/tests/test_security_analysis.py::TestDecompilatioNDifficultyScoringLogic::test_excellent_difficulty_criteria PASSED [ 80%]
phoronix/tests/test_security_analysis.py::TestDecompilatioNDifficultyScoringLogic::test_final_score_clamping PASSED [ 82%]
phoronix/tests/test_security_analysis.py::TestDecompilatioNDifficultyScoringLogic::test_good_difficulty_criteria PASSED [ 84%]
phoronix/tests/test_security_analysis.py::TestDecompilatioNDifficultyScoringLogic::test_moderate_difficulty_criteria PASSED [ 86%]
phoronix/tests/test_security_analysis.py::TestDecompilatioNDifficultyScoringLogic::test_score_calculation_components PASSED [ 88%]
phoronix/tests/test_security_analysis.py::TestDecompilatioNDifficultyScoringLogic::test_weak_difficulty_criteria PASSED [ 91%]
phoronix/tests/test_security_analysis.py::TestSecurityAnalysisErrorHandling::test_invalid_json_output_handling PASSED [ 93%]
phoronix/tests/test_security_analysis.py::TestSecurityAnalysisErrorHandling::test_missing_binary_handling PASSED [ 95%]
phoronix/tests/test_security_analysis.py::TestSecurityAnalysisErrorHandling::test_objdump_failure_handling PASSED [ 97%]
phoronix/tests/test_security_analysis.py::TestSecurityAnalysisErrorHandling::test_timeout_handling PASSED [100%]

=================================== FAILURES ===================================
____________________ TestMetricsCollector.test_is_stripped _____________________
phoronix/tests/test_metric_collectors.py:146: in test_is_stripped
    self.assertFalse(is_stripped)
E   AssertionError: True is not false
___________ TestHeuristicAnalysis.test_opaque_predicates_percentage ____________
phoronix/tests/test_security_analysis.py:107: in test_opaque_predicates_percentage
    self.assertEqual(percentage, 7 / 200 * 100)
E   AssertionError: 3.5 != 3.5000000000000004
=========================== short test summary info ============================
FAILED phoronix/tests/test_metric_collectors.py::TestMetricsCollector::test_is_stripped
FAILED phoronix/tests/test_security_analysis.py::TestHeuristicAnalysis::test_opaque_predicates_percentage
========================= 2 failed, 43 passed in 0.11s =========================
